<?xml version="1.0" encoding="UTF-8"?>
<testsuite xmlns:xsi="http://www.w3.org/2001/XMLSchema-instance" xsi:noNamespaceSchemaLocation="https://maven.apache.org/surefire/maven-surefire-plugin/xsd/surefire-test-report-3.0.xsd" version="3.0" name="praktikum.BurgerTest" time="0.001" tests="7" errors="0" skipped="0" failures="0">
  <properties>
[...]
</properties>
  <testcase name="testGetPriceWithoutIngredients" classname="praktikum.BurgerTest" time="0.0"/>
  <testcase name="testGetPriceWithIngredients" classname="praktikum.BurgerTest" time="0.0"/>
  <testcase name="testMoveIngredientInvalidIndex" classname="praktikum.BurgerTest" time="0.0"/>
  <testcase name="testMoveIngredient" classname="praktikum.BurgerTest" time="0.0"/>
  <testcase name="testRemoveIngredientInvalidIndex" classname="praktikum.BurgerTest" time="0.0"/>
  <testcase name="testGetReceiptFormat" classname="praktikum.BurgerTest" time="0.0"/>
  <testcase name="testAddAndRemoveIngredients" classname="praktikum.BurgerTest" time="0.0"/>
</testsuite>